<?xml version="1.0" encoding="UTF-8"?>
<!-- Generated by org.testng.reporters.JUnitReportReporter -->
<testsuite hostname="DESKTOP-LENOVO" failures="0" tests="1" name="testCases.TC_001_AccountRegistrationTest" time="2.087" errors="0" timestamp="2025-01-08T11:43:38 IST" skipped="0">
  <testcase classname="testCases.TC_001_AccountRegistrationTest" name="verify_account_registration" time="2.087"/>
</testsuite> <!-- testCases.TC_001_AccountRegistrationTest -->
