<?xml version="1.0" encoding="UTF-8"?>
<!-- Generated by org.testng.reporters.JUnitReportReporter -->
<testsuite hostname="DESKTOP-LENOVO" failures="0" tests="1" name="testCases.TC_002_LoginTest" time="1.518" errors="0" timestamp="2025-01-11T12:44:17 IST" skipped="0">
  <testcase classname="testCases.TC_002_LoginTest" name="verify_login" time="1.518"/>
</testsuite> <!-- testCases.TC_002_LoginTest -->
